Generated at 2016-03-28 10:29:29 +0000
Chef::Exceptions::Win32APIError: directory[C:\Temp\] (sql_server_2012::default line 14) had an error: Chef::Exceptions::Win32APIError: No mapping between account names and security IDs was done.
---- Begin Win32 API output ----
System Error Code: 1332
System Error Message: No mapping between account names and security IDs was done.
---- End Win32 API output ----

C:/opscode/chefdk/embedded/lib/ruby/gems/2.1.0/gems/chef-12.8.1-universal-mingw32/lib/chef/win32/error.rb:81:in `raise!'
C:/opscode/chefdk/embedded/lib/ruby/gems/2.1.0/gems/chef-12.8.1-universal-mingw32/lib/chef/win32/security.rb:383:in `lookup_account_name'
C:/opscode/chefdk/embedded/lib/ruby/gems/2.1.0/gems/chef-12.8.1-universal-mingw32/lib/chef/win32/security/sid.rb:44:in `from_account'
C:/opscode/chefdk/embedded/lib/ruby/gems/2.1.0/gems/chef-12.8.1-universal-mingw32/lib/chef/file_access_control/windows.rb:112:in `get_sid'
C:/opscode/chefdk/embedded/lib/ruby/gems/2.1.0/gems/chef-12.8.1-universal-mingw32/lib/chef/file_access_control/windows.rb:288:in `block (2 levels) in target_dacl'
C:/opscode/chefdk/embedded/lib/ruby/gems/2.1.0/gems/chef-12.8.1-universal-mingw32/lib/chef/file_access_control/windows.rb:287:in `each'
C:/opscode/chefdk/embedded/lib/ruby/gems/2.1.0/gems/chef-12.8.1-universal-mingw32/lib/chef/file_access_control/windows.rb:287:in `block in target_dacl'
C:/opscode/chefdk/embedded/lib/ruby/gems/2.1.0/gems/chef-12.8.1-universal-mingw32/lib/chef/file_access_control/windows.rb:285:in `each'
C:/opscode/chefdk/embedded/lib/ruby/gems/2.1.0/gems/chef-12.8.1-universal-mingw32/lib/chef/file_access_control/windows.rb:285:in `target_dacl'
C:/opscode/chefdk/embedded/lib/ruby/gems/2.1.0/gems/chef-12.8.1-universal-mingw32/lib/chef/file_access_control/windows.rb:132:in `should_update_dacl?'
C:/opscode/chefdk/embedded/lib/ruby/gems/2.1.0/gems/chef-12.8.1-universal-mingw32/lib/chef/file_access_control/windows.rb:63:in `requires_changes?'
C:/opscode/chefdk/embedded/lib/ruby/gems/2.1.0/gems/chef-12.8.1-universal-mingw32/lib/chef/provider/file.rb:449:in `do_acl_changes'
C:/opscode/chefdk/embedded/lib/ruby/gems/2.1.0/gems/chef-12.8.1-universal-mingw32/lib/chef/provider/directory.rb:125:in `action_create'
C:/opscode/chefdk/embedded/lib/ruby/gems/2.1.0/gems/chef-12.8.1-universal-mingw32/lib/chef/provider.rb:144:in `run_action'
C:/opscode/chefdk/embedded/lib/ruby/gems/2.1.0/gems/chef-12.8.1-universal-mingw32/lib/chef/resource.rb:596:in `run_action'
C:/opscode/chefdk/embedded/lib/ruby/gems/2.1.0/gems/chef-12.8.1-universal-mingw32/lib/chef/runner.rb:73:in `run_action'
C:/opscode/chefdk/embedded/lib/ruby/gems/2.1.0/gems/chef-12.8.1-universal-mingw32/lib/chef/runner.rb:105:in `block (2 levels) in converge'
C:/opscode/chefdk/embedded/lib/ruby/gems/2.1.0/gems/chef-12.8.1-universal-mingw32/lib/chef/runner.rb:105:in `each'
C:/opscode/chefdk/embedded/lib/ruby/gems/2.1.0/gems/chef-12.8.1-universal-mingw32/lib/chef/runner.rb:105:in `block in converge'
C:/opscode/chefdk/embedded/lib/ruby/gems/2.1.0/gems/chef-12.8.1-universal-mingw32/lib/chef/resource_collection/resource_list.rb:84:in `block in execute_each_resource'
C:/opscode/chefdk/embedded/lib/ruby/gems/2.1.0/gems/chef-12.8.1-universal-mingw32/lib/chef/resource_collection/stepable_iterator.rb:116:in `call'
C:/opscode/chefdk/embedded/lib/ruby/gems/2.1.0/gems/chef-12.8.1-universal-mingw32/lib/chef/resource_collection/stepable_iterator.rb:116:in `call_iterator_block'
C:/opscode/chefdk/embedded/lib/ruby/gems/2.1.0/gems/chef-12.8.1-universal-mingw32/lib/chef/resource_collection/stepable_iterator.rb:85:in `step'
C:/opscode/chefdk/embedded/lib/ruby/gems/2.1.0/gems/chef-12.8.1-universal-mingw32/lib/chef/resource_collection/stepable_iterator.rb:104:in `iterate'
C:/opscode/chefdk/embedded/lib/ruby/gems/2.1.0/gems/chef-12.8.1-universal-mingw32/lib/chef/resource_collection/stepable_iterator.rb:55:in `each_with_index'
C:/opscode/chefdk/embedded/lib/ruby/gems/2.1.0/gems/chef-12.8.1-universal-mingw32/lib/chef/resource_collection/resource_list.rb:82:in `execute_each_resource'
C:/opscode/chefdk/embedded/lib/ruby/gems/2.1.0/gems/chef-12.8.1-universal-mingw32/lib/chef/runner.rb:104:in `converge'
C:/opscode/chefdk/embedded/lib/ruby/gems/2.1.0/gems/chef-12.8.1-universal-mingw32/lib/chef/client.rb:668:in `block in converge'
C:/opscode/chefdk/embedded/lib/ruby/gems/2.1.0/gems/chef-12.8.1-universal-mingw32/lib/chef/client.rb:663:in `catch'
C:/opscode/chefdk/embedded/lib/ruby/gems/2.1.0/gems/chef-12.8.1-universal-mingw32/lib/chef/client.rb:663:in `converge'
C:/opscode/chefdk/embedded/lib/ruby/gems/2.1.0/gems/chef-12.8.1-universal-mingw32/lib/chef/client.rb:702:in `converge_and_save'
C:/opscode/chefdk/embedded/lib/ruby/gems/2.1.0/gems/chef-12.8.1-universal-mingw32/lib/chef/client.rb:280:in `run'
C:/opscode/chefdk/embedded/lib/ruby/gems/2.1.0/gems/chef-12.8.1-universal-mingw32/lib/chef/application.rb:252:in `run_with_graceful_exit_option'
C:/opscode/chefdk/embedded/lib/ruby/gems/2.1.0/gems/chef-12.8.1-universal-mingw32/lib/chef/application.rb:228:in `block in run_chef_client'
C:/opscode/chefdk/embedded/lib/ruby/gems/2.1.0/gems/chef-12.8.1-universal-mingw32/lib/chef/local_mode.rb:44:in `with_server_connectivity'
C:/opscode/chefdk/embedded/lib/ruby/gems/2.1.0/gems/chef-12.8.1-universal-mingw32/lib/chef/application.rb:211:in `run_chef_client'
C:/opscode/chefdk/embedded/lib/ruby/gems/2.1.0/gems/chef-12.8.1-universal-mingw32/lib/chef/application/client.rb:445:in `block in interval_run_chef_client'
C:/opscode/chefdk/embedded/lib/ruby/gems/2.1.0/gems/chef-12.8.1-universal-mingw32/lib/chef/application/client.rb:435:in `loop'
C:/opscode/chefdk/embedded/lib/ruby/gems/2.1.0/gems/chef-12.8.1-universal-mingw32/lib/chef/application/client.rb:435:in `interval_run_chef_client'
C:/opscode/chefdk/embedded/lib/ruby/gems/2.1.0/gems/chef-12.8.1-universal-mingw32/lib/chef/application/client.rb:424:in `run_application'
C:/opscode/chefdk/embedded/lib/ruby/gems/2.1.0/gems/chef-12.8.1-universal-mingw32/lib/chef/application.rb:58:in `run'
C:/opscode/chefdk/embedded/lib/ruby/gems/2.1.0/gems/chef-12.8.1-universal-mingw32/bin/chef-client:26:in `<top (required)>'
C:/opscode/chefdk/modules/chef/../../bin/chef-client:59:in `load'
C:/opscode/chefdk/modules/chef/../../bin/chef-client:59:in `<main>'